[2025-03-07 13:13:48.21] 수동 스크래퍼 시작 
2025-03-07 13:13:49,648 - INFO - 스크래퍼 초기화
2025-03-07 13:13:49,648 - INFO - 수동 실행 모드
2025-03-07 13:13:49,648 - INFO - 스크래핑 작업 시작
2025-03-07 13:13:49,648 - INFO - ====== WebDriver manager ======
2025-03-07 13:13:51,111 - INFO - Get LATEST chromedriver version for google-chrome
2025-03-07 13:13:51,176 - INFO - Get LATEST chromedriver version for google-chrome
2025-03-07 13:13:51,211 - INFO - Driver [C:\Users\com\.wdm\drivers\chromedriver\win64\133.0.6943.141\chromedriver-win32/chromedriver.exe] found in cache
2025-03-07 13:14:22,869 - INFO - 페이지 1: 새로운 게시글 10개 저장
2025-03-07 13:14:56,842 - INFO - 페이지 2: 새로운 게시글 10개 저장
2025-03-07 13:15:28,732 - INFO - 페이지 3: 새로운 게시글 10개 저장

=== HumorWorld 게시글 스크래핑 (Selenium) ===
제목: 한국인 스윗영포티 유튜버에게 일본 네티즌들이 개빡친 이유
링크: https://www.humorworld.net/?p=182490
내용: ㅠㅠ...

미디어 다운로드 실패: https://www.humorworld.net/wp-content/uploads/pic_027.mp4?_=1 - [Errno 22] Invalid argument: 'downloaded_media\\videos\\df26d9e69ae17458f0e7f0a91bee6533.mp4?_=1'
제목: 어느 ‘여배우’에게 충격으로 남은 작품 3위
링크: https://www.humorworld.net/?p=182458
내용: 비디오 플레이어
https://www.humorworld.net/wp-content/uploads/pic_027.mp4
00:00
00:04



???...

제목: 진실만 말 했는데 아무도 믿어주질 않음.jpg
링크: https://www.humorworld.net/?p=182440
내용: ㅋㅋㅋ...

제목: 김어준 칭찬했다가 좌파 소리 들어 억울한 나문희
링크: https://www.humorworld.net/?p=182423
내용: ???...

제목: 징역 n년 살고 느낀점
링크: https://www.humorworld.net/?p=182415
내용: ㄷㄷㄷ...

제목: 몽골이 우리나라를 솔롱고스 라고 부르는 진짜 이유
링크: https://www.humorworld.net/?p=182400
내용: 그리고 진짜 진실…












ㄷㄷㄷ...

제목: 4.5 시간은 4시간 30분이다 vs 4시간 50분이다
링크: https://www.humorworld.net/?p=182390
내용: ???...

제목: 돈까스 좋아하는 여자들 보면 짠하다는 의사
링크: https://www.humorworld.net/?p=182382
내용: 돈까스 좋아한다는 여자들은 남자한테 어필하려고 돈까스 좋아하는 척 하는 거라고 함.
 



한남들이 돈까스 왜 좋아하는지 모르겠다는 여시.







남성성 과시…?
그런데 진짜 돈까스에 환장하는 성별은 누구일까?




얼마전 있었던 머지포인트 사태.







인간이면 돈까스를 좋아할 수 밖에 없음....

제목: 봄만 되면 생겨난다는 도둑
링크: https://www.humorworld.net/?p=182346
내용: ㄷㄷㄷ...

제목: 공룡 덕후들 환장하게 만들었다는 내셔널 지오그래픽의 티라노 사우르스 해부
링크: https://www.humorworld.net/?p=182310
내용: ㄷㄷㄷ...

HTML 파일이 생성되었습니다: output\20250307\humorworld_page_1_131422.html
제목: 성인영화 남배우도 시선 회피가 불가능한 I컵
링크: https://www.humorworld.net/?p=182263
내용: ㄷㄷㄷ...

미디어 다운로드 실패: https://www.humorworld.net/wp-content/uploads/3-20.mp4?_=1 - [Errno 22] Invalid argument: 'downloaded_media\\videos\\550aa26ca9d11e7185cdf709041bb513.mp4?_=1'
제목: H컵이라서 불편하다는 캐나다 누나
링크: https://www.humorworld.net/?p=182230
내용: 비디오 플레이어
https://www.humorworld.net/wp-content/uploads/3-20.mp4
00:00
00:04





















ㄷㄷㄷ...

제목: 사람이랑 대화하는 수준이라는 챗 GPT 4.5
링크: https://www.humorworld.net/?p=182213
내용: ㄷㄷㄷ...

제목: 어머니의 꿈을 위해 시골땅 200평에 집을 지은 디씨인
링크: https://www.humorworld.net/?p=182192
내용: ㄷㄷㄷ...

제목: 5시까지 일한 알바가 일을 잘해서 3시만에 완판시켰다면 얼마를 줘야하나
링크: https://www.humorworld.net/?p=182169
내용: ㄷㄷㄷ...

제목: 생각보다 더 미친 새였던 뻐꾸기
링크: https://www.humorworld.net/?p=182149
내용: 믿기지 않아서 딥시크한테 물어보기로 함.















대단하네…...

제목: 한국인 고도비만 유튜버 영상을 보고 비웃는 미국인들
링크: https://www.humorworld.net/?p=182141
내용: ㅋㅋㅋ...

제목: 대구에 있다는 전국 최고의 가성비 1등 식당
링크: https://www.humorworld.net/?p=182086
내용: ???...

제목: 많은 사람들이 스케일링에 대해 오해하고 있는 점
링크: https://www.humorworld.net/?p=182075
내용: ㄷㄷㄷ...

미디어 다운로드 실패: https://www.humorworld.net/wp-content/uploads/KakaoTalk_20250303_052123274.mp4?_=2 - [Errno 22] Invalid argument: 'downloaded_media\\videos\\cf990d4026e78af09b4e8ac1763cf5f8.mp4?_=2'
미디어 다운로드 실패: https://www.humorworld.net/wp-content/uploads/KakaoTalk_20250303_052124414.mp4?_=3 - [Errno 22] Invalid argument: 'downloaded_media\\videos\\62c0ed993bb3a01373b37344d7482236.mp4?_=3'
미디어 다운로드 실패: https://www.humorworld.net/wp-content/uploads/KakaoTalk_20250303_052125314.mp4?_=4 - [Errno 22] Invalid argument: 'downloaded_media\\videos\\03b663b519353bde028cf6c8269797ac.mp4?_=4'
미디어 다운로드 실패: https://www.humorworld.net/wp-content/uploads/KakaoTalk_20250303_052127525.mp4?_=5 - [Errno 22] Invalid argument: 'downloaded_media\\videos\\b0d3831fe4649ecc72143b9ccdb17572.mp4?_=5'
제목: 하시모토 칸나를 잇는다는 일본 제2의 천년돌
링크: https://www.humorworld.net/?p=182056
내용: 비디오 플레이어
https://www.humorworld.net/wp-content/uploads/KakaoTalk_20250303_052123274.mp4
00:00
00:03
비디오 플레이어
https://www.humorworld.net/wp-content/uploads/KakaoTalk_20250303_052124414.mp4
00:00
00:04
...

HTML 파일이 생성되었습니다: output\20250307\humorworld_page_2_131456.html
미디어 다운로드 실패: https://www.humorworld.net/wp-content/uploads/7-8.mp4?_=1 - [Errno 22] Invalid argument: 'downloaded_media\\videos\\b0e7ac33bf945179428462331448ce4a.mp4?_=1'
제목: 내년까지 복근 만들겠다는 디씨인
링크: https://www.humorworld.net/?p=182043
내용: 비디오 플레이어
https://www.humorworld.net/wp-content/uploads/7-8.mp4
00:00
00:00
ㅋㅋㅋ...

제목: 요즘 맘카페에서 인기라는 남의 회사 구내식당에 아이 데려가기
링크: https://www.humorworld.net/?p=182024
내용: ㄷㄷㄷ...

제목: 남자 캐릭터 애니프사를 단 남자가 진짜 위험한 이유
링크: https://www.humorworld.net/?p=182010
내용: ㄷㄷㄷ...

제목: 탈북여성이 남한썸남과 썸붕난 이유
링크: https://www.humorworld.net/?p=181962
내용: ㅋㅋㅋ...

제목: 마트에서 묶음 라면 뜯어서 낱개로 사도 된다 vs 안 된다
링크: https://www.humorworld.net/?p=181927
내용: 라면을 낱개로 살 수 있는 곳을  찾던 나.

낱개로 파는 사이트 검색하다가 이상한 지식인 글을 발견함.
세상에 이런 사람도 있구나…

그러다 누군가 <장성규> 하라고 쓰려다가 그 정도는 아니라는 걸 알았다고 함.
대체 <장성규>가 뭐길래?





동네 마트에 라면을 사러 간 장성규.

라면을 고르다가,



신라면이 낱개로 없자 묶음봉지를 부욱 찢더니 ...

제목: 디씨에서 예측한 3개월 뒤 백종원 유튜브
링크: https://www.humorworld.net/?p=181908
내용: ㄷㄷㄷ...

제목: 민심이 아예 나락가버린 백종원 유튜브 영상 댓글창 대참사
링크: https://www.humorworld.net/?p=181897
내용: ㅋㅋㅋ...

제목: 여초카페 회원들 단제로 발작하게 만들었다는 이상준의 사대녀에 대한 팩폭
링크: https://www.humorworld.net/?p=181867
내용: ㄷㄷㄷ...

제목: 요즘 여자들이 환장한다는 사막여우형 얼굴들
링크: https://www.humorworld.net/?p=181857
내용: ㄷㄷㄷ...

제목: 틀딱핑들은 상상도 못 한다는 요즘 군대 시스템
링크: https://www.humorworld.net/?p=181847
내용: 아래는 틀딱핑들은 상상도 못 한다는 요즘 학교 시스템.










ㄷㄷㄷ...

HTML 파일이 생성되었습니다: output\20250307\humorworld_page_3_131528.html
에러 발생 (WebDriverException): Message: tab crashed
  (Session info: chrome=133.0.6943.142)
Stacktrace:
	GetHandleVerifier [0x00F90B43+25139]
	(No symbol) [0x00F213F4]
	(No symbol) [0x00E00340]
	(No symbol) [0x00DF2193]
	(No symbol) [0x00DF15F7]
	(No symbol) [0x00DF1193]
	(No symbol) [0x00DF0EA1]
	(No symbol) [0x00DEED80]
	(No symbol) [0x00DEF92D]
	(No symbol) [0x00DFBDF9]
	(No symbol) [0x00E0D2B5]
	(No symbol) [0x00E12BA6]
	(No symbol) [0x00DEFF3D]
	(No symbol) [0x00E0CE65]
	(No symbol) [0x00E8E687]
	(No symbol) [0x00E6CDC6]
	(No symbol) [0x00E3BDE9]
	(No symbol) [0x00E3D124]
	GetHandleVerifier [0x01294373+3185251]
	GetHandleVerifier [0x012B291A+3309578]
	GetHandleVerifier [0x012ACF42+3286578]
	GetHandleVerifier [0x01027AE0+643536]
	(No symbol) [0x00F2A20D]
	(No symbol) [0x00F270B8]
	(No symbol) [0x00F27257]
	(No symbol) [0x00F19E00]
	BaseThreadInitThunk [0x76C4FCC9+25]
	RtlGetAppContainerNamedObjectPath [0x77A482AE+286]
	RtlGetAppContainerNamedObjectPath [0x77A4827E+238]
2025-03-07 13:15:54,017 - INFO - 스크래핑 작업 완료

