2025-03-09 22:11:47,229 - INFO - ====== WebDriver manager ======
2025-03-09 22:11:48,558 - INFO - Get LATEST chromedriver version for google-chrome
2025-03-09 22:11:48,646 - INFO - Get LATEST chromedriver version for google-chrome
2025-03-09 22:11:48,698 - INFO - Get LATEST chromedriver version for google-chrome
2025-03-09 22:11:48,787 - INFO - WebDriver version 133.0.6943.141 selected
2025-03-09 22:11:48,790 - INFO - Modern chrome version https://storage.googleapis.com/chrome-for-testing-public/133.0.6943.141/win32/chromedriver-win32.zip
2025-03-09 22:11:48,790 - INFO - About to download new driver from https://storage.googleapis.com/chrome-for-testing-public/133.0.6943.141/win32/chromedriver-win32.zip
2025-03-09 22:11:48,874 - INFO - Driver downloading response is 200
2025-03-09 22:11:50,145 - INFO - Get LATEST chromedriver version for google-chrome
2025-03-09 22:11:50,668 - INFO - Driver has been saved in cache [C:\Users\com\.wdm\drivers\chromedriver\win64\133.0.6943.141]
2025-03-09 22:17:47,218 - ERROR - 게시글 파싱 중 오류: Message: tab crashed
  (Session info: chrome=133.0.6943.142)
Stacktrace:
	GetHandleVerifier [0x00C30B43+25139]
	(No symbol) [0x00BC13F4]
	(No symbol) [0x00AA0340]
	(No symbol) [0x00A90E60]
	(No symbol) [0x00A8ED80]
	(No symbol) [0x00A8F92D]
	(No symbol) [0x00A9BDF9]
	(No symbol) [0x00AAD2B5]
	(No symbol) [0x00AB2BA6]
	(No symbol) [0x00A8FF3D]
	(No symbol) [0x00AACE65]
	(No symbol) [0x00B2E687]
	(No symbol) [0x00B0CDC6]
	(No symbol) [0x00ADBDE9]
	(No symbol) [0x00ADD124]
	GetHandleVerifier [0x00F34373+3185251]
	GetHandleVerifier [0x00F5291A+3309578]
	GetHandleVerifier [0x00F4CF42+3286578]
	GetHandleVerifier [0x00CC7AE0+643536]
	(No symbol) [0x00BCA20D]
	(No symbol) [0x00BC70B8]
	(No symbol) [0x00BC7257]
	(No symbol) [0x00BB9E00]
	BaseThreadInitThunk [0x75A7FCC9+25]
	RtlGetAppContainerNamedObjectPath [0x77C582AE+286]
	RtlGetAppContainerNamedObjectPath [0x77C5827E+238]

2025-03-09 22:17:47,235 - ERROR - 게시글 파싱 중 오류: Message: tab crashed
  (Session info: chrome=133.0.6943.142)
Stacktrace:
	GetHandleVerifier [0x00C30B43+25139]
	(No symbol) [0x00BC13F4]
	(No symbol) [0x00AA0340]
	(No symbol) [0x00A90E60]
	(No symbol) [0x00A8ED80]
	(No symbol) [0x00A8F92D]
	(No symbol) [0x00A9BDF9]
	(No symbol) [0x00AAD2B5]
	(No symbol) [0x00AB2BA6]
	(No symbol) [0x00A8FF3D]
	(No symbol) [0x00AACE65]
	(No symbol) [0x00B2E687]
	(No symbol) [0x00B0CDC6]
	(No symbol) [0x00ADBDE9]
	(No symbol) [0x00ADD124]
	GetHandleVerifier [0x00F34373+3185251]
	GetHandleVerifier [0x00F5291A+3309578]
	GetHandleVerifier [0x00F4CF42+3286578]
	GetHandleVerifier [0x00CC7AE0+643536]
	(No symbol) [0x00BCA20D]
	(No symbol) [0x00BC70B8]
	(No symbol) [0x00BC7257]
	(No symbol) [0x00BB9E00]
	BaseThreadInitThunk [0x75A7FCC9+25]
	RtlGetAppContainerNamedObjectPath [0x77C582AE+286]
	RtlGetAppContainerNamedObjectPath [0x77C5827E+238]

2025-03-09 22:17:47,239 - ERROR - 게시글 파싱 중 오류: Message: tab crashed
  (Session info: chrome=133.0.6943.142)
Stacktrace:
	GetHandleVerifier [0x00C30B43+25139]
	(No symbol) [0x00BC13F4]
	(No symbol) [0x00AA0340]
	(No symbol) [0x00A90E60]
	(No symbol) [0x00A8ED80]
	(No symbol) [0x00A8F92D]
	(No symbol) [0x00A9BDF9]
	(No symbol) [0x00AAD2B5]
	(No symbol) [0x00AB2BA6]
	(No symbol) [0x00A8FF3D]
	(No symbol) [0x00AACE65]
	(No symbol) [0x00B2E687]
	(No symbol) [0x00B0CDC6]
	(No symbol) [0x00ADBDE9]
	(No symbol) [0x00ADD124]
	GetHandleVerifier [0x00F34373+3185251]
	GetHandleVerifier [0x00F5291A+3309578]
	GetHandleVerifier [0x00F4CF42+3286578]
	GetHandleVerifier [0x00CC7AE0+643536]
	(No symbol) [0x00BCA20D]
	(No symbol) [0x00BC70B8]
	(No symbol) [0x00BC7257]
	(No symbol) [0x00BB9E00]
	BaseThreadInitThunk [0x75A7FCC9+25]
	RtlGetAppContainerNamedObjectPath [0x77C582AE+286]
	RtlGetAppContainerNamedObjectPath [0x77C5827E+238]

2025-03-09 22:17:47,243 - ERROR - 게시글 파싱 중 오류: Message: tab crashed
  (Session info: chrome=133.0.6943.142)
Stacktrace:
	GetHandleVerifier [0x00C30B43+25139]
	(No symbol) [0x00BC13F4]
	(No symbol) [0x00AA0340]
	(No symbol) [0x00A90E60]
	(No symbol) [0x00A8ED80]
	(No symbol) [0x00A8F92D]
	(No symbol) [0x00A9BDF9]
	(No symbol) [0x00AAD2B5]
	(No symbol) [0x00AB2BA6]
	(No symbol) [0x00A8FF3D]
	(No symbol) [0x00AACE65]
	(No symbol) [0x00B2E687]
	(No symbol) [0x00B0CDC6]
	(No symbol) [0x00ADBDE9]
	(No symbol) [0x00ADD124]
	GetHandleVerifier [0x00F34373+3185251]
	GetHandleVerifier [0x00F5291A+3309578]
	GetHandleVerifier [0x00F4CF42+3286578]
	GetHandleVerifier [0x00CC7AE0+643536]
	(No symbol) [0x00BCA20D]
	(No symbol) [0x00BC70B8]
	(No symbol) [0x00BC7257]
	(No symbol) [0x00BB9E00]
	BaseThreadInitThunk [0x75A7FCC9+25]
	RtlGetAppContainerNamedObjectPath [0x77C582AE+286]
	RtlGetAppContainerNamedObjectPath [0x77C5827E+238]

2025-03-09 22:17:47,248 - ERROR - 게시글 파싱 중 오류: Message: tab crashed
  (Session info: chrome=133.0.6943.142)
Stacktrace:
	GetHandleVerifier [0x00C30B43+25139]
	(No symbol) [0x00BC13F4]
	(No symbol) [0x00AA0340]
	(No symbol) [0x00A90E60]
	(No symbol) [0x00A8ED80]
	(No symbol) [0x00A8F92D]
	(No symbol) [0x00A9BDF9]
	(No symbol) [0x00AAD2B5]
	(No symbol) [0x00AB2BA6]
	(No symbol) [0x00A8FF3D]
	(No symbol) [0x00AACE65]
	(No symbol) [0x00B2E687]
	(No symbol) [0x00B0CDC6]
	(No symbol) [0x00ADBDE9]
	(No symbol) [0x00ADD124]
	GetHandleVerifier [0x00F34373+3185251]
	GetHandleVerifier [0x00F5291A+3309578]
	GetHandleVerifier [0x00F4CF42+3286578]
	GetHandleVerifier [0x00CC7AE0+643536]
	(No symbol) [0x00BCA20D]
	(No symbol) [0x00BC70B8]
	(No symbol) [0x00BC7257]
	(No symbol) [0x00BB9E00]
	BaseThreadInitThunk [0x75A7FCC9+25]
	RtlGetAppContainerNamedObjectPath [0x77C582AE+286]
	RtlGetAppContainerNamedObjectPath [0x77C5827E+238]

2025-03-09 22:17:47,253 - ERROR - 게시글 파싱 중 오류: Message: tab crashed
  (Session info: chrome=133.0.6943.142)
Stacktrace:
	GetHandleVerifier [0x00C30B43+25139]
	(No symbol) [0x00BC13F4]
	(No symbol) [0x00AA0340]
	(No symbol) [0x00A90E60]
	(No symbol) [0x00A8ED80]
	(No symbol) [0x00A8F92D]
	(No symbol) [0x00A9BDF9]
	(No symbol) [0x00AAD2B5]
	(No symbol) [0x00AB2BA6]
	(No symbol) [0x00A8FF3D]
	(No symbol) [0x00AACE65]
	(No symbol) [0x00B2E687]
	(No symbol) [0x00B0CDC6]
	(No symbol) [0x00ADBDE9]
	(No symbol) [0x00ADD124]
	GetHandleVerifier [0x00F34373+3185251]
	GetHandleVerifier [0x00F5291A+3309578]
	GetHandleVerifier [0x00F4CF42+3286578]
	GetHandleVerifier [0x00CC7AE0+643536]
	(No symbol) [0x00BCA20D]
	(No symbol) [0x00BC70B8]
	(No symbol) [0x00BC7257]
	(No symbol) [0x00BB9E00]
	BaseThreadInitThunk [0x75A7FCC9+25]
	RtlGetAppContainerNamedObjectPath [0x77C582AE+286]
	RtlGetAppContainerNamedObjectPath [0x77C5827E+238]

